2017-12-25 02:01:56,299 :: WARNING :: Erasing and Reinitializing all CSVs
2017-12-25 02:01:57,776 :: DEBUG :: Starting new HTTPS connection (1): api.coinbase.com
2017-12-25 02:01:58,154 :: DEBUG :: https://api.coinbase.com:443 "GET /v2/prices/BTC-EUR/spot HTTP/1.1" 200 83
2017-12-25 02:01:59,599 :: DEBUG :: Starting new HTTPS connection (1): api.coinbase.com
2017-12-25 02:01:59,753 :: DEBUG :: https://api.coinbase.com:443 "GET /v2/prices/BTC-EUR/buy HTTP/1.1" 200 None
2017-12-25 02:01:59,758 :: DEBUG :: Starting new HTTPS connection (1): api.coinbase.com
2017-12-25 02:01:59,925 :: DEBUG :: https://api.coinbase.com:443 "GET /v2/prices/BTC-EUR/sell HTTP/1.1" 200 None
2017-12-25 02:01:59,930 :: DEBUG :: Starting new HTTPS connection (1): api.coinbase.com
2017-12-25 02:02:00,075 :: DEBUG :: https://api.coinbase.com:443 "GET /v2/prices/BTC-EUR/spot HTTP/1.1" 200 83
2017-12-25 02:02:02,425 :: INFO :: 2017-12-25 02:02:02 - Getting all values.
2017-12-25 02:02:02,428 :: DEBUG :: Starting new HTTPS connection (1): api.coinbase.com
2017-12-25 02:02:02,592 :: DEBUG :: https://api.coinbase.com:443 "GET /v2/prices/BTC-EUR/buy HTTP/1.1" 200 None
2017-12-25 02:02:02,597 :: DEBUG :: Starting new HTTPS connection (1): api.coinbase.com
2017-12-25 02:02:02,759 :: DEBUG :: https://api.coinbase.com:443 "GET /v2/prices/BTC-EUR/sell HTTP/1.1" 200 None
2017-12-25 02:02:02,763 :: DEBUG :: Starting new HTTPS connection (1): api.coinbase.com
2017-12-25 02:02:03,442 :: DEBUG :: https://api.coinbase.com:443 "GET /v2/prices/BTC-EUR/spot HTTP/1.1" 200 83
2017-12-25 02:02:03,450 :: INFO :: 2017-12-25 02:02:03 - Getting all values.
2017-12-25 02:02:03,453 :: DEBUG :: Starting new HTTPS connection (1): api.coinbase.com
2017-12-25 02:02:03,613 :: DEBUG :: https://api.coinbase.com:443 "GET /v2/prices/BTC-USD/buy HTTP/1.1" 200 None
2017-12-25 02:02:03,618 :: DEBUG :: Starting new HTTPS connection (1): api.coinbase.com
2017-12-25 02:02:03,776 :: DEBUG :: https://api.coinbase.com:443 "GET /v2/prices/BTC-USD/sell HTTP/1.1" 200 83
2017-12-25 02:02:03,781 :: DEBUG :: Starting new HTTPS connection (1): api.coinbase.com
2017-12-25 02:02:03,924 :: DEBUG :: https://api.coinbase.com:443 "GET /v2/prices/BTC-USD/spot HTTP/1.1" 200 83
2017-12-25 02:02:03,932 :: INFO :: 2017-12-25 02:02:03 - Getting all values.
2017-12-25 02:02:03,935 :: DEBUG :: Starting new HTTPS connection (1): api.coinbase.com
2017-12-25 02:02:04,083 :: DEBUG :: https://api.coinbase.com:443 "GET /v2/prices/ETH-EUR/buy HTTP/1.1" 200 80
2017-12-25 02:02:04,087 :: DEBUG :: Starting new HTTPS connection (1): api.coinbase.com
2017-12-25 02:02:04,236 :: DEBUG :: https://api.coinbase.com:443 "GET /v2/prices/ETH-EUR/sell HTTP/1.1" 200 80
2017-12-25 02:02:04,241 :: DEBUG :: Starting new HTTPS connection (1): api.coinbase.com
2017-12-25 02:02:04,404 :: DEBUG :: https://api.coinbase.com:443 "GET /v2/prices/ETH-EUR/spot HTTP/1.1" 200 None
2017-12-25 02:02:04,412 :: INFO :: 2017-12-25 02:02:04 - Getting all values.
2017-12-25 02:02:04,415 :: DEBUG :: Starting new HTTPS connection (1): api.coinbase.com
2017-12-25 02:02:04,944 :: DEBUG :: https://api.coinbase.com:443 "GET /v2/prices/ETH-USD/buy HTTP/1.1" 200 81
2017-12-25 02:02:04,949 :: DEBUG :: Starting new HTTPS connection (1): api.coinbase.com
2017-12-25 02:02:05,099 :: DEBUG :: https://api.coinbase.com:443 "GET /v2/prices/ETH-USD/sell HTTP/1.1" 200 None
2017-12-25 02:02:05,104 :: DEBUG :: Starting new HTTPS connection (1): api.coinbase.com
2017-12-25 02:02:05,251 :: DEBUG :: https://api.coinbase.com:443 "GET /v2/prices/ETH-USD/spot HTTP/1.1" 200 81
